Arguments: 
  C:\Program Files\nodejs\node.exe C:\Program Files (x86)\Yarn\bin\yarn.js add cross-fecth@2.1.0

PATH: 
  C:\Program Files\Git\mingw64\bin;C:\Program Files\Git\usr\bin;C:\Users\arman\bin;C:\Program Files (x86)\Common Files\Oracle\Java\javapath;C:\Windows\system32;C:\Windows;C:\Windows\System32\Wbem;C:\Windows\System32\WindowsPowerShell\v1.0;C:\Windows\System32\OpenSSH;C:\Program Files (x86)\Calibre2;C:\Program Files\Git\cmd;C:\Program Files\nodejs;C:\Program Files (x86)\Yarn\bin;C:\Users\arman\AppData\Local\Programs\Python\Python38-32\Scripts;C:\Users\arman\AppData\Local\Programs\Python\Python38-32;C:\Users\arman\AppData\Local\Programs\Python\Launcher;C:\Users\arman\AppData\Local\Mu\bin;C:\Users\arman\AppData\Local\Microsoft\WindowsApps;C:\Users\arman\AppData\Local\atom\bin;C:\Program Files\JetBrains\IntelliJ IDEA 2019.3\bin;C:\Program Files\JetBrains\PyCharm 2019.3\bin;C:\Users\arman\AppData\Local\Programs\Microsoft VS Code\bin;C:\Users\arman\batch;C:\Users\arman\AppData\Roaming\npm;C:\Users\arman\AppData\Local\Yarn\bin;C:\Program Files\JetBrains\WebStorm 2020.1.1\bin

Yarn version: 
  1.22.4

Node version: 
  13.13.0

Platform: 
  win32 x64

Trace: 
  Error: https://registry.yarnpkg.com/cross-fecth: Not found
      at Request.params.callback [as _callback] (C:\Program Files (x86)\Yarn\lib\cli.js:66096:18)
      at Request.self.callback (C:\Program Files (x86)\Yarn\lib\cli.js:140748:22)
      at Request.emit (events.js:315:20)
      at Request.<anonymous> (C:\Program Files (x86)\Yarn\lib\cli.js:141720:10)
      at Request.emit (events.js:315:20)
      at IncomingMessage.<anonymous> (C:\Program Files (x86)\Yarn\lib\cli.js:141642:12)
      at Object.onceWrapper (events.js:421:28)
      at IncomingMessage.emit (events.js:327:22)
      at endReadableNT (_stream_readable.js:1201:12)
      at processTicksAndRejections (internal/process/task_queues.js:84:21)

npm manifest: 
  No manifest

yarn manifest: 
  No manifest

Lockfile: 
  No lockfile
